<?xml version="1.0" encoding="UTF-8"?>
<!-- Generated by org.testng.reporters.JUnitReportReporter -->
<testsuite hostname="DESKTOP-4387F4N" failures="0" tests="4" name="day1.HttpRequests" time="10.029" errors="0" timestamp="2023-10-24T12:00:49 IST" skipped="0">
  <testcase classname="day1.HttpRequests" name="getUsers" time="4.871"/>
  <testcase classname="day1.HttpRequests" name="createUser" time="1.211"/>
  <testcase classname="day1.HttpRequests" name="updateUser" time="2.006"/>
  <testcase classname="day1.HttpRequests" name="deleteUser" time="1.941"/>
</testsuite> <!-- day1.HttpRequests -->
