<?xml version="1.0" encoding="UTF-8"?>
<!-- Generated by org.testng.reporters.JUnitReportReporter -->
<testsuite hostname="DESKTOP-4387F4N" failures="0" tests="1" name="day3.CookiesDemo" time="3.229" errors="0" timestamp="2023-10-31T18:42:40 IST" skipped="0">
  <testcase classname="day3.CookiesDemo" name="getCookiesInfo" time="3.229"/>
</testsuite> <!-- day3.CookiesDemo -->
