<?xml version="1.0" encoding="UTF-8"?>
<!-- Generated by org.testng.reporters.JUnitReportReporter -->
<testsuite hostname="DESKTOP-4387F4N" failures="0" tests="1" name="day3.HeadersDemo" time="2.746" errors="0" timestamp="2023-10-31T19:14:14 IST" skipped="0">
  <testcase classname="day3.HeadersDemo" name="getHeaders" time="2.746"/>
</testsuite> <!-- day3.HeadersDemo -->
