<?xml version="1.0" encoding="UTF-8"?>
<!-- Generated by org.testng.reporters.JUnitReportReporter -->
<testsuite hostname="DESKTOP-4387F4N" failures="0" tests="1" name="day3.PathAndQueryParameters" time="1.553" errors="0" timestamp="2023-10-31T17:58:58 IST" skipped="0">
  <testcase classname="day3.PathAndQueryParameters" name="testQueryAndPathParameters" time="1.553"/>
</testsuite> <!-- day3.PathAndQueryParameters -->
