<?xml version="1.0" encoding="UTF-8"?>
<!-- Generated by org.testng.reporters.JUnitReportReporter -->
<testsuite hostname="DESKTOP-4387F4N" failures="0" tests="1" name="day5.ParsingXMLResponse" time="1.702" errors="0" timestamp="2023-11-02T20:15:55 IST" skipped="0">
  <testcase classname="day5.ParsingXMLResponse" name="testXMLResponseBody" time="1.702"/>
</testsuite> <!-- day5.ParsingXMLResponse -->
