<?xml version="1.0" encoding="UTF-8"?>
<!-- Generated by org.testng.reporters.JUnitReportReporter -->
<testsuite hostname="DESKTOP-4387F4N" failures="0" tests="1" name="day3.LoggingDemo" time="3.062" errors="0" timestamp="2023-11-01T09:57:28 IST" skipped="0">
  <testcase classname="day3.LoggingDemo" name="testLog" time="3.062"/>
</testsuite> <!-- day3.LoggingDemo -->
